# JRE version: Java(TM) SE Runtime Environment (8.0_191-b12) (build 1.8.0_191-b12)
# Java VM: Java HotSpot(TM) 64-Bit Server VM (25.191-b12 mixed mode windows-amd64 compressed oops)
Heap:
 PSYoungGen      total 312320K, used 176989K [0x000000076be00000, 0x0000000780100000, 0x00000007c0000000)
  eden space 295936K, 59% used [0x000000076be00000,0x0000000776ad7628,0x000000077df00000)
  from space 16384K, 0% used [0x000000077e100000,0x000000077e100000,0x000000077f100000)
  to   space 13312K, 0% used [0x000000077f400000,0x000000077f400000,0x0000000780100000)
 ParOldGen       total 165376K, used 24851K [0x00000006c3a00000, 0x00000006cdb80000, 0x000000076be00000)
  object space 165376K, 15% used [0x00000006c3a00000,0x00000006c5244f08,0x00000006cdb80000)
 Metaspace       used 59730K, capacity 63916K, committed 64176K, reserved 1103872K
  class space    used 8401K, capacity 9110K, committed 9136K, reserved 1048576K
GC Heap History (10 events):
Event: 3.275 GC heap before
{Heap before GC invocations=8 (full 1):
 PSYoungGen      total 184832K, used 15997K [0x000000076be00000, 0x0000000779900000, 0x00000007c0000000)
  eden space 174592K, 3% used [0x000000076be00000,0x000000076c39fbf8,0x0000000776880000)
  from space 10240K, 99% used [0x0000000777580000,0x0000000777f7fbf0,0x0000000777f80000)
  to   space 13312K, 0% used [0x0000000776880000,0x0000000776880000,0x0000000777580000)
 ParOldGen       total 90624K, used 9186K [0x00000006c3a00000, 0x00000006c9280000, 0x000000076be00000)
  object space 90624K, 10% used [0x00000006c3a00000,0x00000006c42f8a00,0x00000006c9280000)
 Metaspace       used 33084K, capacity 35318K, committed 35496K, reserved 1079296K
  class space    used 4402K, capacity 4821K, committed 4912K, reserved 1048576K
Event: 3.281 GC heap after
Heap after GC invocations=8 (full 1):
 PSYoungGen      total 187904K, used 8712K [0x000000076be00000, 0x0000000780100000, 0x00000007c0000000)
  eden space 174592K, 0% used [0x000000076be00000,0x000000076be00000,0x0000000776880000)
  from space 13312K, 65% used [0x0000000776880000,0x00000007771021b0,0x0000000777580000)
  to   space 13312K, 0% used [0x000000077f400000,0x000000077f400000,0x0000000780100000)
 ParOldGen       total 90624K, used 9194K [0x00000006c3a00000, 0x00000006c9280000, 0x000000076be00000)
  object space 90624K, 10% used [0x00000006c3a00000,0x00000006c42faa00,0x00000006c9280000)
 Metaspace       used 33084K, capacity 35318K, committed 35496K, reserved 1079296K
  class space    used 4402K, capacity 4821K, committed 4912K, reserved 1048576K
}
Event: 3.281 GC heap before
{Heap before GC invocations=9 (full 2):
 PSYoungGen      total 187904K, used 8712K [0x000000076be00000, 0x0000000780100000, 0x00000007c0000000)
  eden space 174592K, 0% used [0x000000076be00000,0x000000076be00000,0x0000000776880000)
  from space 13312K, 65% used [0x0000000776880000,0x00000007771021b0,0x0000000777580000)
  to   space 13312K, 0% used [0x000000077f400000,0x000000077f400000,0x0000000780100000)
 ParOldGen       total 90624K, used 9194K [0x00000006c3a00000, 0x00000006c9280000, 0x000000076be00000)
  object space 90624K, 10% used [0x00000006c3a00000,0x00000006c42faa00,0x00000006c9280000)
 Metaspace       used 33084K, capacity 35318K, committed 35496K, reserved 1079296K
  class space    used 4402K, capacity 4821K, committed 4912K, reserved 1048576K
Event: 3.313 GC heap after
Heap after GC invocations=9 (full 2):
 PSYoungGen      total 187904K, used 0K [0x000000076be00000, 0x0000000780100000, 0x00000007c0000000)
  eden space 174592K, 0% used [0x000000076be00000,0x000000076be00000,0x0000000776880000)
  from space 13312K, 0% used [0x0000000776880000,0x0000000776880000,0x0000000777580000)
  to   space 13312K, 0% used [0x000000077f400000,0x000000077f400000,0x0000000780100000)
 ParOldGen       total 121856K, used 13473K [0x00000006c3a00000, 0x00000006cb100000, 0x000000076be00000)
  object space 121856K, 11% used [0x00000006c3a00000,0x00000006c4728668,0x00000006cb100000)
 Metaspace       used 33084K, capacity 35318K, committed 35496K, reserved 1079296K
  class space    used 4402K, capacity 4821K, committed 4912K, reserved 1048576K
}
Event: 5.080 GC heap before
{Heap before GC invocations=10 (full 2):
 PSYoungGen      total 187904K, used 174592K [0x000000076be00000, 0x0000000780100000, 0x00000007c0000000)
  eden space 174592K, 100% used [0x000000076be00000,0x0000000776880000,0x0000000776880000)
  from space 13312K, 0% used [0x0000000776880000,0x0000000776880000,0x0000000777580000)
  to   space 13312K, 0% used [0x000000077f400000,0x000000077f400000,0x0000000780100000)
 ParOldGen       total 121856K, used 13473K [0x00000006c3a00000, 0x00000006cb100000, 0x000000076be00000)
  object space 121856K, 11% used [0x00000006c3a00000,0x00000006c4728668,0x00000006cb100000)
 Metaspace       used 49573K, capacity 52134K, committed 52400K, reserved 1093632K
  class space    used 6859K, capacity 7331K, committed 7344K, reserved 1048576K
Event: 5.093 GC heap after
Heap after GC invocations=10 (full 2):
 PSYoungGen      total 309248K, used 13287K [0x000000076be00000, 0x0000000780100000, 0x00000007c0000000)
  eden space 295936K, 0% used [0x000000076be00000,0x000000076be00000,0x000000077df00000)
  from space 13312K, 99% used [0x000000077f400000,0x00000007800f9ef8,0x0000000780100000)
  to   space 16384K, 0% used [0x000000077e100000,0x000000077e100000,0x000000077f100000)
 ParOldGen       total 121856K, used 16659K [0x00000006c3a00000, 0x00000006cb100000, 0x000000076be00000)
  object space 121856K, 13% used [0x00000006c3a00000,0x00000006c4a44e50,0x00000006cb100000)
 Metaspace       used 49573K, capacity 52134K, committed 52400K, reserved 1093632K
  class space    used 6859K, capacity 7331K, committed 7344K, reserved 1048576K
}
Event: 6.370 GC heap before
{Heap before GC invocations=11 (full 2):
 PSYoungGen      total 309248K, used 151312K [0x000000076be00000, 0x0000000780100000, 0x00000007c0000000)
  eden space 295936K, 46% used [0x000000076be00000,0x00000007744ca140,0x000000077df00000)
  from space 13312K, 99% used [0x000000077f400000,0x00000007800f9ef8,0x0000000780100000)
  to   space 16384K, 0% used [0x000000077e100000,0x000000077e100000,0x000000077f100000)
 ParOldGen       total 121856K, used 16659K [0x00000006c3a00000, 0x00000006cb100000, 0x000000076be00000)
  object space 121856K, 13% used [0x00000006c3a00000,0x00000006c4a44e50,0x00000006cb100000)
 Metaspace       used 55763K, capacity 59110K, committed 59160K, reserved 1099776K
  class space    used 7735K, capacity 8319K, committed 8368K, reserved 1048576K
Event: 6.380 GC heap after
Heap after GC invocations=11 (full 2):
 PSYoungGen      total 312320K, used 12909K [0x000000076be00000, 0x0000000780100000, 0x00000007c0000000)
  eden space 295936K, 0% used [0x000000076be00000,0x000000076be00000,0x000000077df00000)
  from space 16384K, 78% used [0x000000077e100000,0x000000077ed9b7a8,0x000000077f100000)
  to   space 13312K, 0% used [0x000000077f400000,0x000000077f400000,0x0000000780100000)
 ParOldGen       total 121856K, used 16667K [0x00000006c3a00000, 0x00000006cb100000, 0x000000076be00000)
  object space 121856K, 13% used [0x00000006c3a00000,0x00000006c4a46e50,0x00000006cb100000)
 Metaspace       used 55763K, capacity 59110K, committed 59160K, reserved 1099776K
  class space    used 7735K, capacity 8319K, committed 8368K, reserved 1048576K
}
Event: 6.380 GC heap before
{Heap before GC invocations=12 (full 3):
 PSYoungGen      total 312320K, used 12909K [0x000000076be00000, 0x0000000780100000, 0x00000007c0000000)
  eden space 295936K, 0% used [0x000000076be00000,0x000000076be00000,0x000000077df00000)
  from space 16384K, 78% used [0x000000077e100000,0x000000077ed9b7a8,0x000000077f100000)
  to   space 13312K, 0% used [0x000000077f400000,0x000000077f400000,0x0000000780100000)
 ParOldGen       total 121856K, used 16667K [0x00000006c3a00000, 0x00000006cb100000, 0x000000076be00000)
  object space 121856K, 13% used [0x00000006c3a00000,0x00000006c4a46e50,0x00000006cb100000)
 Metaspace       used 55763K, capacity 59110K, committed 59160K, reserved 1099776K
  class space    used 7735K, capacity 8319K, committed 8368K, reserved 1048576K
Event: 6.547 GC heap after
Heap after GC invocations=12 (full 3):
 PSYoungGen      total 312320K, used 0K [0x000000076be00000, 0x0000000780100000, 0x00000007c0000000)
  eden space 295936K, 0% used [0x000000076be00000,0x000000076be00000,0x000000077df00000)
  from space 16384K, 0% used [0x000000077e100000,0x000000077e100000,0x000000077f100000)
  to   space 13312K, 0% used [0x000000077f400000,0x000000077f400000,0x0000000780100000)
 ParOldGen       total 165376K, used 24851K [0x00000006c3a00000, 0x00000006cdb80000, 0x000000076be00000)
  object space 165376K, 15% used [0x00000006c3a00000,0x00000006c5244f08,0x00000006cdb80000)
 Metaspace       used 55763K, capacity 59110K, committed 59160K, reserved 1099776K
  class space    used 7735K, capacity 8319K, committed 8368K, reserved 1048576K
}

